<?xml version="1.0" encoding="UTF-8"?>
<!-- Generated by org.testng.reporters.JUnitXMLReporter -->
<testsuite hostname="D1MD20285" name="Initializer" tests="1" failures="0" timestamp="14 Dec 2017 11:34:52 GMT" time="0.142" errors="0">
  <testcase name="@AfterTest f_closeApp" time="0.0" classname="com.newtours.testcases.Initializer">
    <failure type="java.lang.NullPointerException">
      <![CDATA[java.lang.NullPointerException
	at com.newtour.genericfunctions.GenericFunctions.f_closeApp(GenericFunctions.java:165)
... Removed 22 stack frames]]>
    </failure>
  </testcase> <!-- @AfterTest f_closeApp -->
  <testcase name="initializerTest" time="0.112" classname="com.newtours.testcases.Initializer">
    <skipped/>
  </testcase> <!-- initializerTest -->
</testsuite> <!-- Initializer -->
