<?xml version="1.0" encoding="UTF-8"?>
<!-- Generated by org.testng.reporters.JUnitXMLReporter -->
<testsuite hostname="D1MD20285" name="Test3" tests="1" failures="1" timestamp="2 Nov 2017 11:27:49 GMT" time="0.011" errors="0">
  <testcase name="TC002_jgavcgavc" time="0.008" classname="com.newtours.testcases.TC002">
    <failure type="junit.framework.AssertionFailedError" message="expected:&amp;lt;true&amp;gt; but was:&amp;lt;false&amp;gt;">
      <![CDATA[junit.framework.AssertionFailedError: expected:<true> but was:<false>
	at junit.framework.Assert.fail(Assert.java:50)
	at junit.framework.Assert.failNotEquals(Assert.java:287)
	at junit.framework.Assert.assertEquals(Assert.java:67)
	at junit.framework.Assert.assertEquals(Assert.java:147)
	at junit.framework.Assert.assertEquals(Assert.java:153)
	at com.newtours.testcases.TC002.TC002_jgavcgavc(TC002.java:17)
... Removed 24 stack frames]]>
    </failure>
  </testcase> <!-- TC002_jgavcgavc -->
</testsuite> <!-- Test3 -->
