<?xml version="1.0" encoding="UTF-8"?>
<!-- Generated by org.testng.reporters.JUnitXMLReporter -->
<testsuite hostname="D1MD20285" name="Test" tests="1" failures="0" timestamp="26 Oct 2017 09:19:28 GMT" time="0.604" errors="0">
  <testcase name="@AfterTest f_closeApp" time="0.0" classname="com.newtours.testcases.TC001_RegisterToNewTourSite">
    <failure type="java.lang.NullPointerException">
      <![CDATA[java.lang.NullPointerException
	at com.newtour.genericfunctions.GenericFunctions.f_closeApp(GenericFunctions.java:142)
... Removed 22 stack frames]]>
    </failure>
  </testcase> <!-- @AfterTest f_closeApp -->
  <testcase name="TC001_registerToNewTourSite" time="0.555" classname="com.newtours.testcases.TC001_RegisterToNewTourSite"/>
</testsuite> <!-- Test -->
