<?xml version="1.0" encoding="UTF-8"?>
<testng-results skipped="0" failed="0" total="1" passed="1">
  <reporter-output>
  </reporter-output>
  <suite name="Suite" duration-ms="15757" started-at="2017-11-09T14:15:33Z" finished-at="2017-11-09T14:15:49Z">
    <groups>
    </groups>
    <test name="Test1" duration-ms="15757" started-at="2017-11-09T14:15:33Z" finished-at="2017-11-09T14:15:49Z">
      <class name="com.newtours.testcases.TC1_RegisterToTheSite">
        <test-method status="PASS" signature="tC1_RegisterToTheSite()[pri:0, instance:com.newtours.testcases.TC1_RegisterToTheSite@c4039c]" name="tC1_RegisterToTheSite" duration-ms="15741" started-at="2017-11-09T19:45:33Z" finished-at="2017-11-09T19:45:49Z">
          <reporter-output>
          </reporter-output>
        </test-method> <!-- tC1_RegisterToTheSite -->
      </class> <!-- com.newtours.testcases.TC1_RegisterToTheSite -->
    </test> <!-- Test1 -->
  </suite> <!-- Suite -->
</testng-results>
